Added Component: Designator=B1(FP_BTN_SMD)
Add component (AddParameter): Name = "Name"; Value = "FSM4JSMA"; VariantName = "[No Variations]"
Add component (AddParameter): Name = "Reference"; Value = "3801305"; VariantName = "[No Variations]"
Add component (AddParameter): Name = "Supplier"; Value = "Farnell"; VariantName = "[No Variations]"
Added Component: Designator=B2(FP_BTN_SMD)
Add component (AddParameter): Name = "Name"; Value = "FSM4JSMA"; VariantName = "[No Variations]"
Add component (AddParameter): Name = "Reference"; Value = "3801305"; VariantName = "[No Variations]"
Add component (AddParameter): Name = "Supplier"; Value = "Farnell"; VariantName = "[No Variations]"
Added Component: Designator=C1(FP_0805_CAP_085)
Add component (AddParameter): Name = "Name"; Value = "100nF 0805 10% 50V X7R 0805B104K500CT (WAL)"; VariantName = "[No Variations]"
Add component (AddParameter): Name = "Reference"; Value = "82-10-76"; VariantName = "[No Variations]"
Add component (AddParameter): Name = "Supplier"; Value = "Lomex"; VariantName = "[No Variations]"
Add component (AddParameter): Name = "Value"; Value = "100nF"; VariantName = "[No Variations]"
Added Component: Designator=C2(FP_0805_CAP_085)
Add component (AddParameter): Name = "Name"; Value = "100nF 0805 10% 50V X7R 0805B104K500CT (WAL)"; VariantName = "[No Variations]"
Add component (AddParameter): Name = "Reference"; Value = "82-10-76"; VariantName = "[No Variations]"
Add component (AddParameter): Name = "Supplier"; Value = "Lomex"; VariantName = "[No Variations]"
Add component (AddParameter): Name = "Value"; Value = "100nF"; VariantName = "[No Variations]"
Added Component: Designator=C3(FP_0805_CAP_085)
Add component (AddParameter): Name = "Name"; Value = "100nF 0805 10% 50V X7R 0805B104K500CT (WAL)"; VariantName = "[No Variations]"
Add component (AddParameter): Name = "Reference"; Value = "82-10-76"; VariantName = "[No Variations]"
Add component (AddParameter): Name = "Supplier"; Value = "Lomex"; VariantName = "[No Variations]"
Add component (AddParameter): Name = "Value"; Value = "100nF"; VariantName = "[No Variations]"
Added Component: Designator=C4(FP_0805_CAP_085)
Add component (AddParameter): Name = "Name"; Value = "100nF 0805 10% 50V X7R 0805B104K500CT (WAL)"; VariantName = "[No Variations]"
Add component (AddParameter): Name = "Reference"; Value = "82-10-76"; VariantName = "[No Variations]"
Add component (AddParameter): Name = "Supplier"; Value = "Lomex"; VariantName = "[No Variations]"
Add component (AddParameter): Name = "Value"; Value = "100nF"; VariantName = "[No Variations]"
Added Component: Designator=C5(FP_0805_CAP_085)
Add component (AddParameter): Name = "Name"; Value = "100nF 0805 10% 50V X7R 0805B104K500CT (WAL)"; VariantName = "[No Variations]"
Add component (AddParameter): Name = "Reference"; Value = "82-10-76"; VariantName = "[No Variations]"
Add component (AddParameter): Name = "Supplier"; Value = "Lomex"; VariantName = "[No Variations]"
Add component (AddParameter): Name = "Value"; Value = "100nF"; VariantName = "[No Variations]"
Added Component: Designator=C6(FP_0805_CAP_085)
Add component (AddParameter): Name = "Name"; Value = "100nF 0805 10% 50V X7R 0805B104K500CT (WAL)"; VariantName = "[No Variations]"
Add component (AddParameter): Name = "Reference"; Value = "82-10-76"; VariantName = "[No Variations]"
Add component (AddParameter): Name = "Supplier"; Value = "Lomex"; VariantName = "[No Variations]"
Add component (AddParameter): Name = "Value"; Value = "100nF"; VariantName = "[No Variations]"
Added Component: Designator=DS1(FP_7SEG)
Add component (AddParameter): Name = "ComponentLink1Description"; Value = "Manufacturer Link"; VariantName = "[No Variations]"
Add component (AddParameter): Name = "ComponentLink1URL"; Value = "http://www.agilent.com/"; VariantName = "[No Variations]"
Add component (AddParameter): Name = "Name"; Value = "FYS-3911BUHR-21"; VariantName = "[No Variations]"
Add component (AddParameter): Name = "Reference"; Value = "35-03-94"; VariantName = "[No Variations]"
Add component (AddParameter): Name = "Supplier"; Value = "Lomex"; VariantName = "[No Variations]"
Added Component: Designator=DS2(FP_7SEG)
Add component (AddParameter): Name = "ComponentLink1Description"; Value = "Manufacturer Link"; VariantName = "[No Variations]"
Add component (AddParameter): Name = "ComponentLink1URL"; Value = "http://www.agilent.com/"; VariantName = "[No Variations]"
Add component (AddParameter): Name = "Name"; Value = "FYS-3911BUHR-21"; VariantName = "[No Variations]"
Add component (AddParameter): Name = "Reference"; Value = "35-03-94"; VariantName = "[No Variations]"
Add component (AddParameter): Name = "Supplier"; Value = "Lomex"; VariantName = "[No Variations]"
Added Component: Designator=Q1(FP_SOT23-3)
Add component (AddParameter): Name = "ComponentLink1Description"; Value = "Manufacturer Link"; VariantName = "[No Variations]"
Add component (AddParameter): Name = "ComponentLink1URL"; Value = "http://www.semiconductors.philips.com/"; VariantName = "[No Variations]"
Add component (AddParameter): Name = "ComponentLink2Description"; Value = "Datasheet"; VariantName = "[No Variations]"
Add component (AddParameter): Name = "ComponentLink2URL"; Value = "http://www.semiconductors.philips.com/acrobat/datasheets/BC817_BC817W_BC337_5.pdf"; VariantName = "[No Variations]"
Add component (AddParameter): Name = "Name"; Value = "BC817-40"; VariantName = "[No Variations]"
Add component (AddParameter): Name = "Reference"; Value = "506308"; VariantName = "[No Variations]"
Add component (AddParameter): Name = "Supplier"; Value = "Farnell"; VariantName = "[No Variations]"
Added Component: Designator=R1(FP_0805_RES)
Add component (AddParameter): Name = "Name"; Value = "VISHAY TNPW0805100RFEEA"; VariantName = "[No Variations]"
Add component (AddParameter): Name = "Power"; Value = "200 mW"; VariantName = "[No Variations]"
Add component (AddParameter): Name = "Reference"; Value = "3975704"; VariantName = "[No Variations]"
Add component (AddParameter): Name = "Supplier"; Value = "Farnell"; VariantName = "[No Variations]"
Add component (AddParameter): Name = "Value"; Value = "100"; VariantName = "[No Variations]"
Added Component: Designator=R2(FP_0805_RES)
Add component (AddParameter): Name = "Name"; Value = "VISHAY TNPW0805100RFEEA"; VariantName = "[No Variations]"
Add component (AddParameter): Name = "Power"; Value = "200 mW"; VariantName = "[No Variations]"
Add component (AddParameter): Name = "Reference"; Value = "3975704"; VariantName = "[No Variations]"
Add component (AddParameter): Name = "Supplier"; Value = "Farnell"; VariantName = "[No Variations]"
Add component (AddParameter): Name = "Value"; Value = "100"; VariantName = "[No Variations]"
Added Component: Designator=R3(FP_0805_RES)
Add component (AddParameter): Name = "Name"; Value = "VISHAY TNPW0805100RFEEA"; VariantName = "[No Variations]"
Add component (AddParameter): Name = "Power"; Value = "200 mW"; VariantName = "[No Variations]"
Add component (AddParameter): Name = "Reference"; Value = "3975704"; VariantName = "[No Variations]"
Add component (AddParameter): Name = "Supplier"; Value = "Farnell"; VariantName = "[No Variations]"
Add component (AddParameter): Name = "Value"; Value = "100"; VariantName = "[No Variations]"
Added Component: Designator=R4(FP_0805_RES)
Add component (AddParameter): Name = "Name"; Value = "VISHAY TNPW0805100RFEEA"; VariantName = "[No Variations]"
Add component (AddParameter): Name = "Power"; Value = "200 mW"; VariantName = "[No Variations]"
Add component (AddParameter): Name = "Reference"; Value = "3975704"; VariantName = "[No Variations]"
Add component (AddParameter): Name = "Supplier"; Value = "Farnell"; VariantName = "[No Variations]"
Add component (AddParameter): Name = "Value"; Value = "100"; VariantName = "[No Variations]"
Added Component: Designator=R5(FP_0805_RES)
Add component (AddParameter): Name = "Name"; Value = "VISHAY TNPW0805100RFEEA"; VariantName = "[No Variations]"
Add component (AddParameter): Name = "Power"; Value = "200 mW"; VariantName = "[No Variations]"
Add component (AddParameter): Name = "Reference"; Value = "3975704"; VariantName = "[No Variations]"
Add component (AddParameter): Name = "Supplier"; Value = "Farnell"; VariantName = "[No Variations]"
Add component (AddParameter): Name = "Value"; Value = "100"; VariantName = "[No Variations]"
Added Component: Designator=R6(FP_0805_RES)
Add component (AddParameter): Name = "Name"; Value = "VISHAY TNPW0805100RFEEA"; VariantName = "[No Variations]"
Add component (AddParameter): Name = "Power"; Value = "200 mW"; VariantName = "[No Variations]"
Add component (AddParameter): Name = "Reference"; Value = "3975704"; VariantName = "[No Variations]"
Add component (AddParameter): Name = "Supplier"; Value = "Farnell"; VariantName = "[No Variations]"
Add component (AddParameter): Name = "Value"; Value = "100"; VariantName = "[No Variations]"
Added Component: Designator=R7(FP_0805_RES)
Add component (AddParameter): Name = "Name"; Value = "VISHAY TNPW0805100RFEEA"; VariantName = "[No Variations]"
Add component (AddParameter): Name = "Power"; Value = "200 mW"; VariantName = "[No Variations]"
Add component (AddParameter): Name = "Reference"; Value = "3975704"; VariantName = "[No Variations]"
Add component (AddParameter): Name = "Supplier"; Value = "Farnell"; VariantName = "[No Variations]"
Add component (AddParameter): Name = "Value"; Value = "100"; VariantName = "[No Variations]"
Added Component: Designator=R8(FP_0805_RES)
Add component (AddParameter): Name = "Name"; Value = "VISHAY TNPW0805100RFEEA"; VariantName = "[No Variations]"
Add component (AddParameter): Name = "Power"; Value = "200 mW"; VariantName = "[No Variations]"
Add component (AddParameter): Name = "Reference"; Value = "3975704"; VariantName = "[No Variations]"
Add component (AddParameter): Name = "Supplier"; Value = "Farnell"; VariantName = "[No Variations]"
Add component (AddParameter): Name = "Value"; Value = "100"; VariantName = "[No Variations]"
Added Component: Designator=R9(FP_0805_RES)
Add component (AddParameter): Name = "Name"; Value = "VISHAY TNPW0805100RFEEA"; VariantName = "[No Variations]"
Add component (AddParameter): Name = "Power"; Value = "200 mW"; VariantName = "[No Variations]"
Add component (AddParameter): Name = "Reference"; Value = "3975704"; VariantName = "[No Variations]"
Add component (AddParameter): Name = "Supplier"; Value = "Farnell"; VariantName = "[No Variations]"
Add component (AddParameter): Name = "Value"; Value = "100"; VariantName = "[No Variations]"
Added Component: Designator=R10(FP_0805_RES)
Add component (AddParameter): Name = "Name"; Value = "VISHAY TNPW0805100RFEEA"; VariantName = "[No Variations]"
Add component (AddParameter): Name = "Power"; Value = "200 mW"; VariantName = "[No Variations]"
Add component (AddParameter): Name = "Reference"; Value = "3975704"; VariantName = "[No Variations]"
Add component (AddParameter): Name = "Supplier"; Value = "Farnell"; VariantName = "[No Variations]"
Add component (AddParameter): Name = "Value"; Value = "100"; VariantName = "[No Variations]"
Added Component: Designator=R11(FP_0805_RES)
Add component (AddParameter): Name = "Name"; Value = "VISHAY TNPW0805100RFEEA"; VariantName = "[No Variations]"
Add component (AddParameter): Name = "Power"; Value = "200 mW"; VariantName = "[No Variations]"
Add component (AddParameter): Name = "Reference"; Value = "3975704"; VariantName = "[No Variations]"
Add component (AddParameter): Name = "Supplier"; Value = "Farnell"; VariantName = "[No Variations]"
Add component (AddParameter): Name = "Value"; Value = "100"; VariantName = "[No Variations]"
Added Component: Designator=R12(FP_0805_RES)
Add component (AddParameter): Name = "Name"; Value = "VISHAY TNPW0805100RFEEA"; VariantName = "[No Variations]"
Add component (AddParameter): Name = "Power"; Value = "200 mW"; VariantName = "[No Variations]"
Add component (AddParameter): Name = "Reference"; Value = "3975704"; VariantName = "[No Variations]"
Add component (AddParameter): Name = "Supplier"; Value = "Farnell"; VariantName = "[No Variations]"
Add component (AddParameter): Name = "Value"; Value = "100"; VariantName = "[No Variations]"
Added Component: Designator=R13(FP_0805_RES)
Add component (AddParameter): Name = "Name"; Value = "VISHAY TNPW0805100RFEEA"; VariantName = "[No Variations]"
Add component (AddParameter): Name = "Power"; Value = "200 mW"; VariantName = "[No Variations]"
Add component (AddParameter): Name = "Reference"; Value = "3975704"; VariantName = "[No Variations]"
Add component (AddParameter): Name = "Supplier"; Value = "Farnell"; VariantName = "[No Variations]"
Add component (AddParameter): Name = "Value"; Value = "100"; VariantName = "[No Variations]"
Added Component: Designator=R14(FP_0805_RES)
Add component (AddParameter): Name = "Name"; Value = "VISHAY TNPW0805100RFEEA"; VariantName = "[No Variations]"
Add component (AddParameter): Name = "Power"; Value = "200 mW"; VariantName = "[No Variations]"
Add component (AddParameter): Name = "Reference"; Value = "3975704"; VariantName = "[No Variations]"
Add component (AddParameter): Name = "Supplier"; Value = "Farnell"; VariantName = "[No Variations]"
Add component (AddParameter): Name = "Value"; Value = "100"; VariantName = "[No Variations]"
Added Component: Designator=R15(FP_0805_RES)
Add component (AddParameter): Name = "Name"; Value = "RCC08054K70FKEA"; VariantName = "[No Variations]"
Add component (AddParameter): Name = "Power"; Value = "250 mW"; VariantName = "[No Variations]"
Add component (AddParameter): Name = "Reference"; Value = "3596867"; VariantName = "[No Variations]"
Add component (AddParameter): Name = "Supplier"; Value = "Farnell"; VariantName = "[No Variations]"
Add component (AddParameter): Name = "Value"; Value = "4.7K"; VariantName = "[No Variations]"
Added Component: Designator=R16(FP_0805_RES)
Add component (AddParameter): Name = "Name"; Value = "RCC08054K70FKEA"; VariantName = "[No Variations]"
Add component (AddParameter): Name = "Power"; Value = "250 mW"; VariantName = "[No Variations]"
Add component (AddParameter): Name = "Reference"; Value = "3596867"; VariantName = "[No Variations]"
Add component (AddParameter): Name = "Supplier"; Value = "Farnell"; VariantName = "[No Variations]"
Add component (AddParameter): Name = "Value"; Value = "4.7K"; VariantName = "[No Variations]"
Added Component: Designator=R17(FP_0805_RES)
Add component (AddParameter): Name = "Name"; Value = "VISHAY TNPW0805100RFEEA"; VariantName = "[No Variations]"
Add component (AddParameter): Name = "Power"; Value = "200 mW"; VariantName = "[No Variations]"
Add component (AddParameter): Name = "Reference"; Value = "3975704"; VariantName = "[No Variations]"
Add component (AddParameter): Name = "Supplier"; Value = "Farnell"; VariantName = "[No Variations]"
Add component (AddParameter): Name = "Value"; Value = "100"; VariantName = "[No Variations]"
Added Component: Designator=R18(FP_0805_RES)
Add component (AddParameter): Name = "Name"; Value = "VISHAY TNPW0805100RFEEA"; VariantName = "[No Variations]"
Add component (AddParameter): Name = "Power"; Value = "200 mW"; VariantName = "[No Variations]"
Add component (AddParameter): Name = "Reference"; Value = "3975704"; VariantName = "[No Variations]"
Add component (AddParameter): Name = "Supplier"; Value = "Farnell"; VariantName = "[No Variations]"
Add component (AddParameter): Name = "Value"; Value = "100"; VariantName = "[No Variations]"
Added Component: Designator=R19(FP_0805_RES)
Add component (AddParameter): Name = "Name"; Value = "ERJUP6F3303V"; VariantName = "[No Variations]"
Add component (AddParameter): Name = "Power"; Value = "500 mW"; VariantName = "[No Variations]"
Add component (AddParameter): Name = "Reference"; Value = "3598525"; VariantName = "[No Variations]"
Add component (AddParameter): Name = "Supplier"; Value = "Farnell"; VariantName = "[No Variations]"
Add component (AddParameter): Name = "Value"; Value = "330K"; VariantName = "[No Variations]"
Added Component: Designator=R20(FP_0805_RES)
Add component (AddParameter): Name = "Name"; Value = "CRCW08051K00JNEA"; VariantName = "[No Variations]"
Add component (AddParameter): Name = "Power"; Value = "125 mW"; VariantName = "[No Variations]"
Add component (AddParameter): Name = "Reference"; Value = "1652937"; VariantName = "[No Variations]"
Add component (AddParameter): Name = "Supplier"; Value = "Farnell"; VariantName = "[No Variations]"
Add component (AddParameter): Name = "Value"; Value = "1K"; VariantName = "[No Variations]"
Added Component: Designator=S1(FP-PS1440P02BT-MFG)
Add component (AddParameter): Name = "Name"; Value = "PS1440P02BT"; VariantName = "[No Variations]"
Add component (AddParameter): Name = "Reference"; Value = "3212600"; VariantName = "[No Variations]"
Add component (AddParameter): Name = "Supplier"; Value = "Farnell"; VariantName = "[No Variations]"
Added Component: Designator=U2(TSOP65P640X120-16M)
Add component (AddParameter): Name = "Name"; Value = "STP08CP05TTR"; VariantName = "[No Variations]"
Add component (AddParameter): Name = "Reference"; Value = ""; VariantName = "[No Variations]"
Add component (AddParameter): Name = "Supplier"; Value = "ST tanszeki forras"; VariantName = "[No Variations]"
Added Component: Designator=U3(FP-D0016A-IPC_A)
Add component (AddParameter): Name = "Name"; Value = "ULN2003ADRG3"; VariantName = "[No Variations]"
Add component (AddParameter): Name = "Reference"; Value = "3009693"; VariantName = "[No Variations]"
Add component (AddParameter): Name = "Supplier"; Value = "Farnell"; VariantName = "[No Variations]"
Added Component: Designator=U4(FP_DIL24)
Add component (AddParameter): Name = "Name"; Value = "MKI178V2"; VariantName = "[No Variations]"
Add component (AddParameter): Name = "Reference"; Value = ""; VariantName = "[No Variations]"
Add component (AddParameter): Name = "Supplier"; Value = "ST tanszeki forras"; VariantName = "[No Variations]"
Added Component: Designator=U5(TSOP65P640X120-16M)
Add component (AddParameter): Name = "Name"; Value = "STP08CP05TTR"; VariantName = "[No Variations]"
Add component (AddParameter): Name = "Reference"; Value = ""; VariantName = "[No Variations]"
Add component (AddParameter): Name = "Supplier"; Value = "ST tanszeki forras"; VariantName = "[No Variations]"
Added Component: Designator=U6(FP-D0016A-IPC_A)
Add component (AddParameter): Name = "Name"; Value = "ULN2003ADRG3"; VariantName = "[No Variations]"
Add component (AddParameter): Name = "Reference"; Value = "3009693"; VariantName = "[No Variations]"
Add component (AddParameter): Name = "Supplier"; Value = "Farnell"; VariantName = "[No Variations]"
Added Pin To Net: NetName=3V3 Pin=C3-2
Added Pin To Net: NetName=3V3 Pin=C4-2
Added Pin To Net: NetName=3V3 Pin=R20-2
Added Pin To Net: NetName=3V3 Pin=S1-1
Added Pin To Net: NetName=3V3 Pin=U1-5
Added Pin To Net: NetName=3V3 Pin=U1-16
Added Pin To Net: NetName=3V3 Pin=U1-45
Added Pin To Net: NetName=3V3 Pin=U4-1
Added Pin To Net: NetName=3V3 Pin=U4-2
Added Net: Name=3V3
Added Pin To Net: NetName=5V Pin=C1-2
Added Pin To Net: NetName=5V Pin=C2-2
Added Pin To Net: NetName=5V Pin=DS1-3
Added Pin To Net: NetName=5V Pin=DS1-6
Added Pin To Net: NetName=5V Pin=DS1-8
Added Pin To Net: NetName=5V Pin=DS2-3
Added Pin To Net: NetName=5V Pin=DS2-6
Added Pin To Net: NetName=5V Pin=DS2-8
Added Pin To Net: NetName=5V Pin=R15-2
Added Pin To Net: NetName=5V Pin=R16-2
Added Pin To Net: NetName=5V Pin=U1-18
Added Pin To Net: NetName=5V Pin=U2-16
Added Pin To Net: NetName=5V Pin=U3-9
Added Pin To Net: NetName=5V Pin=U5-16
Added Pin To Net: NetName=5V Pin=U6-9
Added Net: Name=5V
Added Pin To Net: NetName=GND Pin=B1-1
Added Pin To Net: NetName=GND Pin=B1-2
Added Pin To Net: NetName=GND Pin=B2-1
Added Pin To Net: NetName=GND Pin=B2-2
Added Pin To Net: NetName=GND Pin=C1-1
Added Pin To Net: NetName=GND Pin=C2-1
Added Pin To Net: NetName=GND Pin=C3-1
Added Pin To Net: NetName=GND Pin=C4-1
Added Pin To Net: NetName=GND Pin=Q1-2
Added Pin To Net: NetName=GND Pin=R17-1
Added Pin To Net: NetName=GND Pin=R18-1
Added Pin To Net: NetName=GND Pin=U1-8
Added Pin To Net: NetName=GND Pin=U1-19
Added Pin To Net: NetName=GND Pin=U1-20
Added Pin To Net: NetName=GND Pin=U1-22
Added Pin To Net: NetName=GND Pin=U1-47
Added Pin To Net: NetName=GND Pin=U1-58
Added Pin To Net: NetName=GND Pin=U1-70
Added Pin To Net: NetName=GND Pin=U2-1
Added Pin To Net: NetName=GND Pin=U3-8
Added Pin To Net: NetName=GND Pin=U4-4
Added Pin To Net: NetName=GND Pin=U4-5
Added Pin To Net: NetName=GND Pin=U4-13
Added Pin To Net: NetName=GND Pin=U4-19
Added Pin To Net: NetName=GND Pin=U5-1
Added Pin To Net: NetName=GND Pin=U6-8
Added Net: Name=GND
Added Pin To Net: NetName=NetB1_3 Pin=B1-3
Added Pin To Net: NetName=NetB1_3 Pin=B1-4
Added Pin To Net: NetName=NetB1_3 Pin=C5-2
Added Pin To Net: NetName=NetB1_3 Pin=R15-1
Added Pin To Net: NetName=NetB1_3 Pin=U1-4
Added Net: Name=NetB1_3
Added Pin To Net: NetName=NetB2_3 Pin=B2-3
Added Pin To Net: NetName=NetB2_3 Pin=B2-4
Added Pin To Net: NetName=NetB2_3 Pin=C6-2
Added Pin To Net: NetName=NetB2_3 Pin=R16-1
Added Pin To Net: NetName=NetB2_3 Pin=U1-67
Added Net: Name=NetB2_3
Added Pin To Net: NetName=NetC5_1 Pin=C5-1
Added Pin To Net: NetName=NetC5_1 Pin=R17-2
Added Net: Name=NetC5_1
Added Pin To Net: NetName=NetC6_1 Pin=C6-1
Added Pin To Net: NetName=NetC6_1 Pin=R18-2
Added Net: Name=NetC6_1
Added Pin To Net: NetName=NetDS1_1 Pin=DS1-1
Added Pin To Net: NetName=NetDS1_1 Pin=R7-2
Added Net: Name=NetDS1_1
Added Pin To Net: NetName=NetDS1_2 Pin=DS1-2
Added Pin To Net: NetName=NetDS1_2 Pin=R6-2
Added Net: Name=NetDS1_2
Added Pin To Net: NetName=NetDS1_4 Pin=DS1-4
Added Pin To Net: NetName=NetDS1_4 Pin=R5-2
Added Net: Name=NetDS1_4
Added Pin To Net: NetName=NetDS1_5 Pin=DS1-5
Added Pin To Net: NetName=NetDS1_5 Pin=R4-2
Added Net: Name=NetDS1_5
Added Pin To Net: NetName=NetDS1_7 Pin=DS1-7
Added Pin To Net: NetName=NetDS1_7 Pin=R3-2
Added Net: Name=NetDS1_7
Added Pin To Net: NetName=NetDS1_9 Pin=DS1-9
Added Pin To Net: NetName=NetDS1_9 Pin=R2-2
Added Net: Name=NetDS1_9
Added Pin To Net: NetName=NetDS1_10 Pin=DS1-10
Added Pin To Net: NetName=NetDS1_10 Pin=R1-2
Added Net: Name=NetDS1_10
Added Pin To Net: NetName=NetDS2_1 Pin=DS2-1
Added Pin To Net: NetName=NetDS2_1 Pin=R14-2
Added Net: Name=NetDS2_1
Added Pin To Net: NetName=NetDS2_2 Pin=DS2-2
Added Pin To Net: NetName=NetDS2_2 Pin=R13-2
Added Net: Name=NetDS2_2
Added Pin To Net: NetName=NetDS2_4 Pin=DS2-4
Added Pin To Net: NetName=NetDS2_4 Pin=R12-2
Added Net: Name=NetDS2_4
Added Pin To Net: NetName=NetDS2_5 Pin=DS2-5
Added Pin To Net: NetName=NetDS2_5 Pin=R11-2
Added Net: Name=NetDS2_5
Added Pin To Net: NetName=NetDS2_7 Pin=DS2-7
Added Pin To Net: NetName=NetDS2_7 Pin=R10-2
Added Net: Name=NetDS2_7
Added Pin To Net: NetName=NetDS2_9 Pin=DS2-9
Added Pin To Net: NetName=NetDS2_9 Pin=R9-2
Added Net: Name=NetDS2_9
Added Pin To Net: NetName=NetDS2_10 Pin=DS2-10
Added Pin To Net: NetName=NetDS2_10 Pin=R8-2
Added Net: Name=NetDS2_10
Added Pin To Net: NetName=NetQ1_1 Pin=Q1-1
Added Pin To Net: NetName=NetQ1_1 Pin=R19-2
Added Net: Name=NetQ1_1
Added Pin To Net: NetName=NetQ1_3 Pin=Q1-3
Added Pin To Net: NetName=NetQ1_3 Pin=R20-1
Added Pin To Net: NetName=NetQ1_3 Pin=S1-2
Added Net: Name=NetQ1_3
Added Pin To Net: NetName=NetR1_1 Pin=R1-1
Added Pin To Net: NetName=NetR1_1 Pin=U3-16
Added Net: Name=NetR1_1
Added Pin To Net: NetName=NetR2_1 Pin=R2-1
Added Pin To Net: NetName=NetR2_1 Pin=U3-15
Added Net: Name=NetR2_1
Added Pin To Net: NetName=NetR3_1 Pin=R3-1
Added Pin To Net: NetName=NetR3_1 Pin=U3-14
Added Net: Name=NetR3_1
Added Pin To Net: NetName=NetR4_1 Pin=R4-1
Added Pin To Net: NetName=NetR4_1 Pin=U3-13
Added Net: Name=NetR4_1
Added Pin To Net: NetName=NetR5_1 Pin=R5-1
Added Pin To Net: NetName=NetR5_1 Pin=U3-12
Added Net: Name=NetR5_1
Added Pin To Net: NetName=NetR6_1 Pin=R6-1
Added Pin To Net: NetName=NetR6_1 Pin=U3-11
Added Net: Name=NetR6_1
Added Pin To Net: NetName=NetR7_1 Pin=R7-1
Added Pin To Net: NetName=NetR7_1 Pin=U3-10
Added Net: Name=NetR7_1
Added Pin To Net: NetName=NetR8_1 Pin=R8-1
Added Pin To Net: NetName=NetR8_1 Pin=U6-16
Added Net: Name=NetR8_1
Added Pin To Net: NetName=NetR9_1 Pin=R9-1
Added Pin To Net: NetName=NetR9_1 Pin=U6-15
Added Net: Name=NetR9_1
Added Pin To Net: NetName=NetR10_1 Pin=R10-1
Added Pin To Net: NetName=NetR10_1 Pin=U6-14
Added Net: Name=NetR10_1
Added Pin To Net: NetName=NetR11_1 Pin=R11-1
Added Pin To Net: NetName=NetR11_1 Pin=U6-13
Added Net: Name=NetR11_1
Added Pin To Net: NetName=NetR12_1 Pin=R12-1
Added Pin To Net: NetName=NetR12_1 Pin=U6-12
Added Net: Name=NetR12_1
Added Pin To Net: NetName=NetR13_1 Pin=R13-1
Added Pin To Net: NetName=NetR13_1 Pin=U6-11
Added Net: Name=NetR13_1
Added Pin To Net: NetName=NetR14_1 Pin=R14-1
Added Pin To Net: NetName=NetR14_1 Pin=U6-10
Added Net: Name=NetR14_1
Added Pin To Net: NetName=NetR19_1 Pin=R19-1
Added Pin To Net: NetName=NetR19_1 Pin=U1-65
Added Net: Name=NetR19_1
Added Pin To Net: NetName=NetU1_35 Pin=U1-35
Added Pin To Net: NetName=NetU1_35 Pin=U4-22
Added Net: Name=NetU1_35
Added Pin To Net: NetName=NetU1_36 Pin=U1-36
Added Pin To Net: NetName=NetU1_36 Pin=U5-2
Added Net: Name=NetU1_36
Added Pin To Net: NetName=NetU1_37 Pin=U1-37
Added Pin To Net: NetName=NetU1_37 Pin=U4-21
Added Net: Name=NetU1_37
Added Pin To Net: NetName=NetU1_52 Pin=U1-52
Added Pin To Net: NetName=NetU1_52 Pin=U2-13
Added Pin To Net: NetName=NetU1_52 Pin=U5-13
Added Net: Name=NetU1_52
Added Pin To Net: NetName=NetU2_2 Pin=U2-2
Added Pin To Net: NetName=NetU2_2 Pin=U5-14
Added Net: Name=NetU2_2
Added Pin To Net: NetName=NetU2_5 Pin=U2-5
Added Pin To Net: NetName=NetU2_5 Pin=U3-1
Added Net: Name=NetU2_5
Added Pin To Net: NetName=NetU2_6 Pin=U2-6
Added Pin To Net: NetName=NetU2_6 Pin=U3-2
Added Net: Name=NetU2_6
Added Pin To Net: NetName=NetU2_7 Pin=U2-7
Added Pin To Net: NetName=NetU2_7 Pin=U3-3
Added Net: Name=NetU2_7
Added Pin To Net: NetName=NetU2_8 Pin=U2-8
Added Pin To Net: NetName=NetU2_8 Pin=U3-4
Added Net: Name=NetU2_8
Added Pin To Net: NetName=NetU2_9 Pin=U2-9
Added Pin To Net: NetName=NetU2_9 Pin=U3-5
Added Net: Name=NetU2_9
Added Pin To Net: NetName=NetU2_10 Pin=U2-10
Added Pin To Net: NetName=NetU2_10 Pin=U3-6
Added Net: Name=NetU2_10
Added Pin To Net: NetName=NetU2_11 Pin=U2-11
Added Pin To Net: NetName=NetU2_11 Pin=U3-7
Added Net: Name=NetU2_11
Added Pin To Net: NetName=NetU5_5 Pin=U5-5
Added Pin To Net: NetName=NetU5_5 Pin=U6-1
Added Net: Name=NetU5_5
Added Pin To Net: NetName=NetU5_6 Pin=U5-6
Added Pin To Net: NetName=NetU5_6 Pin=U6-2
Added Net: Name=NetU5_6
Added Pin To Net: NetName=NetU5_7 Pin=U5-7
Added Pin To Net: NetName=NetU5_7 Pin=U6-3
Added Net: Name=NetU5_7
Added Pin To Net: NetName=NetU5_8 Pin=U5-8
Added Pin To Net: NetName=NetU5_8 Pin=U6-4
Added Net: Name=NetU5_8
Added Pin To Net: NetName=NetU5_9 Pin=U5-9
Added Pin To Net: NetName=NetU5_9 Pin=U6-5
Added Net: Name=NetU5_9
Added Pin To Net: NetName=NetU5_10 Pin=U5-10
Added Pin To Net: NetName=NetU5_10 Pin=U6-6
Added Net: Name=NetU5_10
Added Pin To Net: NetName=NetU5_11 Pin=U5-11
Added Pin To Net: NetName=NetU5_11 Pin=U6-7
Added Net: Name=NetU5_11
Added Pin To Net: NetName=SCK2 Pin=U1-63
Added Pin To Net: NetName=SCK2 Pin=U4-20
Added Net: Name=SCK2
Added Pin To Net: NetName=SCK3 Pin=U1-1
Added Pin To Net: NetName=SCK3 Pin=U2-3
Added Pin To Net: NetName=SCK3 Pin=U5-3
Added Net: Name=SCK3
Added Pin To Net: NetName=SS_7seg Pin=U1-44
Added Pin To Net: NetName=SS_7seg Pin=U2-4
Added Pin To Net: NetName=SS_7seg Pin=U5-4
Added Net: Name=SS_7seg
Added Class: Name=Accelo_7seg
Added Class: Name=Nucleo_Pb_Buzzer
