Change component parameters: Designator = "R1" ("R1"); Footprint = "FP_0805_RES"; UniqueID = "\FEMDXBKI" ("\FEMDXBKI")
Change component parameters (AddParameter): Name = "Name"; Value = "100R 0805 5% RC0805JR-10100RL 0.125W (YAG)"; VariantName = "[No Variations]"
Change component parameters (AddParameter): Name = "Power"; Value = "125 mW"; VariantName = "[No Variations]"
Change component parameters (AddParameter): Name = "Reference"; Value = "[81-34-71 "; VariantName = "[No Variations]"
Change component parameters (AddParameter): Name = "Supplier"; Value = "Lomex"; VariantName = "[No Variations]"
Change component parameters (AddParameter): Name = "Value"; Value = "100"; VariantName = "[No Variations]"
Change component parameters: Designator = "R2" ("R2"); Footprint = "FP_0805_RES"; UniqueID = "\TLSACOLV" ("\TLSACOLV")
Change component parameters (AddParameter): Name = "Name"; Value = "100R 0805 5% RC0805JR-10100RL 0.125W (YAG)"; VariantName = "[No Variations]"
Change component parameters (AddParameter): Name = "Power"; Value = "125 mW"; VariantName = "[No Variations]"
Change component parameters (AddParameter): Name = "Reference"; Value = "[81-34-71 "; VariantName = "[No Variations]"
Change component parameters (AddParameter): Name = "Supplier"; Value = "Lomex"; VariantName = "[No Variations]"
Change component parameters (AddParameter): Name = "Value"; Value = "100"; VariantName = "[No Variations]"
Change component parameters: Designator = "R3" ("R3"); Footprint = "FP_0805_RES"; UniqueID = "\YMWZMFIM" ("\YMWZMFIM")
Change component parameters (AddParameter): Name = "Name"; Value = "100R 0805 5% RC0805JR-10100RL 0.125W (YAG)"; VariantName = "[No Variations]"
Change component parameters (AddParameter): Name = "Power"; Value = "125 mW"; VariantName = "[No Variations]"
Change component parameters (AddParameter): Name = "Reference"; Value = "[81-34-71 "; VariantName = "[No Variations]"
Change component parameters (AddParameter): Name = "Supplier"; Value = "Lomex"; VariantName = "[No Variations]"
Change component parameters (AddParameter): Name = "Value"; Value = "100"; VariantName = "[No Variations]"
Change component parameters: Designator = "R4" ("R4"); Footprint = "FP_0805_RES"; UniqueID = "\FLOPBPBI" ("\FLOPBPBI")
Change component parameters (AddParameter): Name = "Name"; Value = "100R 0805 5% RC0805JR-10100RL 0.125W (YAG)"; VariantName = "[No Variations]"
Change component parameters (AddParameter): Name = "Power"; Value = "125 mW"; VariantName = "[No Variations]"
Change component parameters (AddParameter): Name = "Reference"; Value = "[81-34-71 "; VariantName = "[No Variations]"
Change component parameters (AddParameter): Name = "Supplier"; Value = "Lomex"; VariantName = "[No Variations]"
Change component parameters (AddParameter): Name = "Value"; Value = "100"; VariantName = "[No Variations]"
Change component parameters: Designator = "R5" ("R5"); Footprint = "FP_0805_RES"; UniqueID = "\HTUSTZZH" ("\HTUSTZZH")
Change component parameters (AddParameter): Name = "Name"; Value = "100R 0805 5% RC0805JR-10100RL 0.125W (YAG)"; VariantName = "[No Variations]"
Change component parameters (AddParameter): Name = "Power"; Value = "125 mW"; VariantName = "[No Variations]"
Change component parameters (AddParameter): Name = "Reference"; Value = "[81-34-71 "; VariantName = "[No Variations]"
Change component parameters (AddParameter): Name = "Supplier"; Value = "Lomex"; VariantName = "[No Variations]"
Change component parameters (AddParameter): Name = "Value"; Value = "100"; VariantName = "[No Variations]"
Change component parameters: Designator = "R6" ("R6"); Footprint = "FP_0805_RES"; UniqueID = "\NSYBBJOO" ("\NSYBBJOO")
Change component parameters (AddParameter): Name = "Name"; Value = "100R 0805 5% RC0805JR-10100RL 0.125W (YAG)"; VariantName = "[No Variations]"
Change component parameters (AddParameter): Name = "Power"; Value = "125 mW"; VariantName = "[No Variations]"
Change component parameters (AddParameter): Name = "Reference"; Value = "[81-34-71 "; VariantName = "[No Variations]"
Change component parameters (AddParameter): Name = "Supplier"; Value = "Lomex"; VariantName = "[No Variations]"
Change component parameters (AddParameter): Name = "Value"; Value = "100"; VariantName = "[No Variations]"
Change component parameters: Designator = "R7" ("R7"); Footprint = "FP_0805_RES"; UniqueID = "\YXROMFSN" ("\YXROMFSN")
Change component parameters (AddParameter): Name = "Name"; Value = "100R 0805 5% RC0805JR-10100RL 0.125W (YAG)"; VariantName = "[No Variations]"
Change component parameters (AddParameter): Name = "Power"; Value = "125 mW"; VariantName = "[No Variations]"
Change component parameters (AddParameter): Name = "Reference"; Value = "[81-34-71 "; VariantName = "[No Variations]"
Change component parameters (AddParameter): Name = "Supplier"; Value = "Lomex"; VariantName = "[No Variations]"
Change component parameters (AddParameter): Name = "Value"; Value = "100"; VariantName = "[No Variations]"
Change component parameters: Designator = "R8" ("R8"); Footprint = "FP_0805_RES"; UniqueID = "\CDZAKAGF" ("\CDZAKAGF")
Change component parameters (AddParameter): Name = "Name"; Value = "100R 0805 5% RC0805JR-10100RL 0.125W (YAG)"; VariantName = "[No Variations]"
Change component parameters (AddParameter): Name = "Power"; Value = "125 mW"; VariantName = "[No Variations]"
Change component parameters (AddParameter): Name = "Reference"; Value = "[81-34-71 "; VariantName = "[No Variations]"
Change component parameters (AddParameter): Name = "Supplier"; Value = "Lomex"; VariantName = "[No Variations]"
Change component parameters (AddParameter): Name = "Value"; Value = "100"; VariantName = "[No Variations]"
Change component parameters: Designator = "R9" ("R9"); Footprint = "FP_0805_RES"; UniqueID = "\DPHSKZAY" ("\DPHSKZAY")
Change component parameters (AddParameter): Name = "Name"; Value = "100R 0805 5% RC0805JR-10100RL 0.125W (YAG)"; VariantName = "[No Variations]"
Change component parameters (AddParameter): Name = "Power"; Value = "125 mW"; VariantName = "[No Variations]"
Change component parameters (AddParameter): Name = "Reference"; Value = "[81-34-71 "; VariantName = "[No Variations]"
Change component parameters (AddParameter): Name = "Supplier"; Value = "Lomex"; VariantName = "[No Variations]"
Change component parameters (AddParameter): Name = "Value"; Value = "100"; VariantName = "[No Variations]"
Change component parameters: Designator = "R10" ("R10"); Footprint = "FP_0805_RES"; UniqueID = "\GGSLIMIU" ("\GGSLIMIU")
Change component parameters (AddParameter): Name = "Name"; Value = "100R 0805 5% RC0805JR-10100RL 0.125W (YAG)"; VariantName = "[No Variations]"
Change component parameters (AddParameter): Name = "Power"; Value = "125 mW"; VariantName = "[No Variations]"
Change component parameters (AddParameter): Name = "Reference"; Value = "[81-34-71 "; VariantName = "[No Variations]"
Change component parameters (AddParameter): Name = "Supplier"; Value = "Lomex"; VariantName = "[No Variations]"
Change component parameters (AddParameter): Name = "Value"; Value = "100"; VariantName = "[No Variations]"
Change component parameters: Designator = "R11" ("R11"); Footprint = "FP_0805_RES"; UniqueID = "\XHCKVUXV" ("\XHCKVUXV")
Change component parameters (AddParameter): Name = "Name"; Value = "100R 0805 5% RC0805JR-10100RL 0.125W (YAG)"; VariantName = "[No Variations]"
Change component parameters (AddParameter): Name = "Power"; Value = "125 mW"; VariantName = "[No Variations]"
Change component parameters (AddParameter): Name = "Reference"; Value = "[81-34-71 "; VariantName = "[No Variations]"
Change component parameters (AddParameter): Name = "Supplier"; Value = "Lomex"; VariantName = "[No Variations]"
Change component parameters (AddParameter): Name = "Value"; Value = "100"; VariantName = "[No Variations]"
Change component parameters: Designator = "R12" ("R12"); Footprint = "FP_0805_RES"; UniqueID = "\OPFTCYZX" ("\OPFTCYZX")
Change component parameters (AddParameter): Name = "Name"; Value = "100R 0805 5% RC0805JR-10100RL 0.125W (YAG)"; VariantName = "[No Variations]"
Change component parameters (AddParameter): Name = "Power"; Value = "125 mW"; VariantName = "[No Variations]"
Change component parameters (AddParameter): Name = "Reference"; Value = "[81-34-71 "; VariantName = "[No Variations]"
Change component parameters (AddParameter): Name = "Supplier"; Value = "Lomex"; VariantName = "[No Variations]"
Change component parameters (AddParameter): Name = "Value"; Value = "100"; VariantName = "[No Variations]"
Change component parameters: Designator = "R13" ("R13"); Footprint = "FP_0805_RES"; UniqueID = "\FZINDOCS" ("\FZINDOCS")
Change component parameters (AddParameter): Name = "Name"; Value = "100R 0805 5% RC0805JR-10100RL 0.125W (YAG)"; VariantName = "[No Variations]"
Change component parameters (AddParameter): Name = "Power"; Value = "125 mW"; VariantName = "[No Variations]"
Change component parameters (AddParameter): Name = "Reference"; Value = "[81-34-71 "; VariantName = "[No Variations]"
Change component parameters (AddParameter): Name = "Supplier"; Value = "Lomex"; VariantName = "[No Variations]"
Change component parameters (AddParameter): Name = "Value"; Value = "100"; VariantName = "[No Variations]"
Change component parameters: Designator = "R14" ("R14"); Footprint = "FP_0805_RES"; UniqueID = "\QMADGMZN" ("\QMADGMZN")
Change component parameters (AddParameter): Name = "Name"; Value = "100R 0805 5% RC0805JR-10100RL 0.125W (YAG)"; VariantName = "[No Variations]"
Change component parameters (AddParameter): Name = "Power"; Value = "125 mW"; VariantName = "[No Variations]"
Change component parameters (AddParameter): Name = "Reference"; Value = "[81-34-71 "; VariantName = "[No Variations]"
Change component parameters (AddParameter): Name = "Supplier"; Value = "Lomex"; VariantName = "[No Variations]"
Change component parameters (AddParameter): Name = "Value"; Value = "100"; VariantName = "[No Variations]"
Change component parameters: Designator = "R15" ("R15"); Footprint = "FP_0805_RES"; UniqueID = "\EPPTUZQA" ("\EPPTUZQA")
Change component parameters (AddParameter): Name = "Name"; Value = "4K70 0805 5% RS-05K472JT 0.125W (FNG)"; VariantName = "[No Variations]"
Change component parameters (AddParameter): Name = "Power"; Value = "125 mW"; VariantName = "[No Variations]"
Change component parameters (AddParameter): Name = "Reference"; Value = "81-35-61"; VariantName = "[No Variations]"
Change component parameters (AddParameter): Name = "Supplier"; Value = "Lomex"; VariantName = "[No Variations]"
Change component parameters (AddParameter): Name = "Value"; Value = "4.7K"; VariantName = "[No Variations]"
Change component parameters: Designator = "R16" ("R16"); Footprint = "FP_0805_RES"; UniqueID = "\FZAZKYVX" ("\FZAZKYVX")
Change component parameters (AddParameter): Name = "Name"; Value = "4K70 0805 5% RS-05K472JT 0.125W (FNG)"; VariantName = "[No Variations]"
Change component parameters (AddParameter): Name = "Power"; Value = "125 mW"; VariantName = "[No Variations]"
Change component parameters (AddParameter): Name = "Reference"; Value = "81-35-61"; VariantName = "[No Variations]"
Change component parameters (AddParameter): Name = "Supplier"; Value = "Lomex"; VariantName = "[No Variations]"
Change component parameters (AddParameter): Name = "Value"; Value = "4.7K"; VariantName = "[No Variations]"
Change component parameters: Designator = "R17" ("R17"); Footprint = "FP_0805_RES"; UniqueID = "\BIMKJDAQ" ("\BIMKJDAQ")
Change component parameters (AddParameter): Name = "Name"; Value = "100R 0805 5% RC0805JR-10100RL 0.125W (YAG)"; VariantName = "[No Variations]"
Change component parameters (AddParameter): Name = "Power"; Value = "125 mW"; VariantName = "[No Variations]"
Change component parameters (AddParameter): Name = "Reference"; Value = "[81-34-71 "; VariantName = "[No Variations]"
Change component parameters (AddParameter): Name = "Supplier"; Value = "Lomex"; VariantName = "[No Variations]"
Change component parameters (AddParameter): Name = "Value"; Value = "100"; VariantName = "[No Variations]"
Change component parameters: Designator = "R18" ("R18"); Footprint = "FP_0805_RES"; UniqueID = "\PTUPMDXG" ("\PTUPMDXG")
Change component parameters (AddParameter): Name = "Name"; Value = "100R 0805 5% RC0805JR-10100RL 0.125W (YAG)"; VariantName = "[No Variations]"
Change component parameters (AddParameter): Name = "Power"; Value = "125 mW"; VariantName = "[No Variations]"
Change component parameters (AddParameter): Name = "Reference"; Value = "[81-34-71 "; VariantName = "[No Variations]"
Change component parameters (AddParameter): Name = "Supplier"; Value = "Lomex"; VariantName = "[No Variations]"
Change component parameters (AddParameter): Name = "Value"; Value = "100"; VariantName = "[No Variations]"
Change component parameters: Designator = "R19" ("R19"); Footprint = "FP_0805_RES"; UniqueID = "\WUKIGRAV" ("\WUKIGRAV")
Change component parameters (AddParameter): Name = "Name"; Value = "330K 0805 5% CR-05JL7--330K 0.125W (VIK) "; VariantName = "[No Variations]"
Change component parameters (AddParameter): Name = "Power"; Value = "125 mW"; VariantName = "[No Variations]"
Change component parameters (AddParameter): Name = "Reference"; Value = "81-11-16"; VariantName = "[No Variations]"
Change component parameters (AddParameter): Name = "Supplier"; Value = "Lomex"; VariantName = "[No Variations]"
Change component parameters (AddParameter): Name = "Value"; Value = "330K"; VariantName = "[No Variations]"
Change component parameters: Designator = "R20" ("R20"); Footprint = "FP_0805_RES"; UniqueID = "\QXTQXJKM" ("\QXTQXJKM")
Change component parameters (AddParameter): Name = "Name"; Value = "1K00 0805 5% CR-05JL7----1K 0.125W (VIK) "; VariantName = "[No Variations]"
Change component parameters (AddParameter): Name = "Power"; Value = "125 mW"; VariantName = "[No Variations]"
Change component parameters (AddParameter): Name = "Reference"; Value = "81-10-87"; VariantName = "[No Variations]"
Change component parameters (AddParameter): Name = "Supplier"; Value = "Lomex"; VariantName = "[No Variations]"
Change component parameters (AddParameter): Name = "Value"; Value = "1K"; VariantName = "[No Variations]"
